\BOOKMARK [0][-]{section*.1}{\376\377\000D\000e\000c\000l\000a\000r\000a\000t\000i\000o\000n\000\040\000o\000f\000\040\000A\000u\000t\000h\000o\000r\000s\000h\000i\000p}{}% 1
\BOOKMARK [0][-]{section*.2}{\376\377\000A\000b\000s\000t\000r\000a\000c\000t}{}% 2
\BOOKMARK [0][-]{chapter.13}{\376\377\000I\000n\000t\000r\000o\000d\000u\000c\000t\000i\000o\000n}{}% 3
\BOOKMARK [1][-]{section.14}{\376\377\000S\000c\000i\000e\000n\000c\000e\000\040\000a\000s\000\040\000a\000n\000\040\000i\000n\000c\000r\000e\000m\000e\000n\000t\000a\000l\000\040\000p\000r\000o\000c\000e\000s\000s}{chapter.13}% 4
\BOOKMARK [1][-]{section.15}{\376\377\000M\000o\000t\000i\000v\000a\000t\000i\000o\000n}{chapter.13}% 5
\BOOKMARK [1][-]{section.16}{\376\377\000I\000m\000p\000l\000e\000m\000e\000n\000t\000a\000t\000i\000o\000n\000s}{chapter.13}% 6
\BOOKMARK [1][-]{section.17}{\376\377\000T\000h\000e\000s\000i\000s\000\040\000s\000t\000r\000u\000c\000t\000u\000r\000e}{chapter.13}% 7
\BOOKMARK [0][-]{chapter.18}{\376\377\000B\000a\000c\000k\000g\000r\000o\000u\000n\000d\000\040\000a\000n\000d\000\040\000B\000a\000s\000i\000c\000s}{}% 8
\BOOKMARK [1][-]{section.19}{\376\377\000P\000r\000i\000m\000e\000r}{chapter.18}% 9
\BOOKMARK [2][-]{subsection.20}{\376\377\000C\000r\000y\000s\000t\000a\000l\000\040\000s\000t\000r\000u\000c\000t\000u\000r\000e}{section.19}% 10
\BOOKMARK [2][-]{subsection.23}{\376\377\000D\000e\000b\000y\000e\000-\000W\000a\000l\000l\000e\000r\000\040\000c\000o\000r\000r\000e\000c\000t\000i\000o\000n\000\040\000f\000a\000c\000t\000o\000r}{section.19}% 11
\BOOKMARK [2][-]{subsection.28}{\376\377\000h\000P\000\040\000B\000r\000a\000v\000a\000i\000s\000\040\000l\000a\000t\000t\000i\000c\000e\000\040\000a\000n\000d\000\040\000t\000h\000e\000\040\000h\000e\000x\000a\000g\000o\000n\000a\000l\000\040\000c\000r\000y\000s\000t\000a\000l\000\040\000s\000y\000s\000t\000e\000m}{section.19}% 12
\BOOKMARK [2][-]{subsection.32}{\376\377\000L\000a\000t\000t\000i\000c\000e\000\040\000p\000l\000a\000n\000e\000s\000\040\000a\000n\000d\000\040\000d\000i\000r\000e\000c\000t\000i\000o\000n\000s\000\040\000i\000n\000\040\000t\000h\000e\000\040\000h\000e\000x\000a\000g\000o\000n\000a\000l\000\040\000s\000y\000s\000t\000e\000m}{section.19}% 13
\BOOKMARK [3][-]{section*.33}{\376\377\000M\000i\000l\000l\000e\000r\000\040\000i\000n\000d\000i\000c\000e\000s}{subsection.32}% 14
\BOOKMARK [3][-]{section*.34}{\376\377\000M\000i\000l\000l\000e\000r\000-\000B\000r\000a\000v\000a\000i\000s\000\040\000i\000n\000d\000i\000c\000e\000s}{subsection.32}% 15
\BOOKMARK [2][-]{subsection.43}{\376\377\000T\000h\000e\000\040\000r\000e\000c\000i\000p\000r\000o\000c\000a\000l\000\040\000s\000p\000a\000c\000e}{section.19}% 16
\BOOKMARK [3][-]{section*.47}{\376\377\000T\000h\000e\000\040\000r\000e\000c\000i\000p\000r\000o\000c\000a\000l\000\040\000h\000e\000x\000a\000g\000o\000n\000a\000l\000\040\000l\000a\000t\000t\000i\000c\000e}{subsection.43}% 17
\BOOKMARK [2][-]{subsection.53}{\376\377\000W\000a\000v\000e\000f\000u\000n\000c\000t\000i\000o\000n\000\040\000a\000s\000\040\000p\000h\000y\000s\000i\000c\000a\000l\000\040\000o\000b\000s\000e\000r\000v\000a\000b\000l\000e}{section.19}% 18
\BOOKMARK [2][-]{subsection.56}{\376\377\000P\000l\000a\000n\000e\000\040\000w\000a\000v\000e\000s}{section.19}% 19
\BOOKMARK [2][-]{subsection.60}{\376\377\000F\000o\000u\000r\000i\000e\000r\000\040\000a\000n\000a\000l\000y\000s\000i\000s}{section.19}% 20
\BOOKMARK [1][-]{section.65}{\376\377\000C\000r\000y\000s\000t\000a\000l\000l\000o\000g\000r\000a\000p\000h\000i\000c\000\040\000c\000o\000m\000p\000u\000t\000a\000t\000i\000o\000n\000s\000\040\000i\000n\000\040\000t\000h\000e\000\040\000h\000e\000x\000a\000g\000o\000n\000a\000l\000\040\000s\000y\000s\000t\000e\000m}{chapter.18}% 21
\BOOKMARK [2][-]{subsection.66}{\376\377\000T\000h\000e\000\040\000d\000i\000r\000e\000c\000t\000\040\000m\000e\000t\000r\000i\000c\000\040\000t\000e\000n\000s\000o\000r}{section.65}% 22
\BOOKMARK [2][-]{subsection.75}{\376\377\000T\000h\000e\000\040\000r\000e\000c\000i\000p\000r\000o\000c\000a\000l\000\040\000m\000e\000t\000r\000i\000c\000\040\000t\000e\000n\000s\000o\000r}{section.65}% 23
\BOOKMARK [2][-]{subsection.78}{\376\377\000T\000h\000e\000\040\000i\000n\000t\000e\000r\000p\000l\000a\000n\000a\000r\000\040\000s\000p\000a\000c\000i\000n\000g}{section.65}% 24
\BOOKMARK [2][-]{subsection.83}{\376\377\000T\000o\000\040\000t\000h\000e\000\040\000r\000e\000c\000i\000p\000r\000o\000c\000a\000l\000\040\000s\000p\000a\000c\000e\000\040\000a\000n\000d\000\040\000b\000a\000c\000k}{section.65}% 25
\BOOKMARK [2][-]{subsection.89}{\376\377\000R\000o\000t\000a\000t\000i\000o\000n\000s\000\040\000i\000n\000\040\000C\000a\000r\000t\000e\000s\000i\000a\000n\000\040\000f\000r\000a\000m\000e}{section.65}% 26
\BOOKMARK [2][-]{subsection.91}{\376\377\000C\000r\000y\000s\000t\000a\000l\000\040\000t\000o\000\040\000C\000a\000r\000t\000e\000s\000i\000a\000n\000\040\000f\000r\000a\000m\000e\000\040\000a\000n\000d\000\040\000t\000h\000e\000\040\000s\000t\000r\000u\000c\000t\000u\000r\000e\000\040\000m\000a\000t\000r\000i\000x}{section.65}% 27
\BOOKMARK [2][-]{subsection.98}{\376\377\000M\000e\000t\000r\000i\000c\000\040\000t\000e\000n\000s\000o\000r\000\040\000i\000m\000p\000l\000e\000m\000e\000n\000t\000a\000t\000i\000o\000n\000s}{section.65}% 28
\BOOKMARK [1][-]{section.100}{\376\377\000S\000y\000m\000m\000e\000t\000r\000y\000\040\000i\000n\000\040\000c\000r\000y\000s\000t\000a\000l\000l\000o\000g\000r\000a\000p\000h\000y}{chapter.18}% 29
\BOOKMARK [2][-]{subsection.105}{\376\377\000S\000y\000m\000m\000e\000t\000r\000y\000\040\000o\000p\000e\000r\000a\000t\000i\000o\000n\000s}{section.100}% 30
\BOOKMARK [3][-]{section*.110}{\376\377\000O\000p\000e\000r\000a\000t\000i\000o\000n\000\040\000o\000f\000\040\000f\000i\000r\000s\000t\000\040\000k\000i\000n\000d\000:\000\040\000p\000u\000r\000e\000\040\000r\000o\000t\000a\000t\000i\000o\000n}{subsection.105}% 31
\BOOKMARK [3][-]{section*.120}{\376\377\000O\000p\000e\000r\000a\000t\000i\000o\000n\000\040\000o\000f\000\040\000f\000i\000r\000s\000t\000\040\000k\000i\000n\000d\000:\000\040\000p\000u\000r\000e\000\040\000t\000r\000a\000n\000s\000l\000a\000t\000i\000o\000n}{subsection.105}% 32
\BOOKMARK [3][-]{section*.124}{\376\377\000O\000p\000e\000r\000a\000t\000i\000o\000n\000\040\000o\000f\000\040\000s\000e\000c\000o\000n\000d\000\040\000k\000i\000n\000d\000:\000\040\000p\000u\000r\000e\000\040\000r\000e\000f\000l\000e\000c\000t\000i\000o\000n}{subsection.105}% 33
\BOOKMARK [3][-]{section*.128}{\376\377\000C\000o\000m\000b\000i\000n\000a\000t\000i\000o\000n\000\040\000o\000f\000\040\000r\000o\000t\000a\000t\000i\000o\000n\000\040\000a\000n\000d\000\040\000t\000r\000a\000n\000s\000l\000a\000t\000i\000o\000n}{subsection.105}% 34
\BOOKMARK [2][-]{subsection.133}{\376\377\000P\000o\000i\000n\000t\000\040\000g\000r\000o\000u\000p\000s}{section.100}% 35
\BOOKMARK [3][-]{section*.137}{\376\377\0006\000m\000m\000\040\000p\000o\000i\000n\000t\000\040\000g\000r\000o\000u\000p\000\040\000f\000r\000o\000m\000\040\000g\000e\000n\000e\000r\000a\000t\000o\000r\000s}{subsection.133}% 36
\BOOKMARK [2][-]{subsection.142}{\376\377\000S\000p\000a\000c\000e\000\040\000g\000r\000o\000u\000p\000s\000\040}{section.100}% 37
\BOOKMARK [3][-]{section*.144}{\376\377\000T\000h\000e\000\040\000I\000n\000t\000e\000r\000n\000a\000t\000i\000o\000n\000a\000l\000\040\000T\000a\000b\000l\000e\000s\000\040\000f\000o\000r\000\040\000C\000r\000y\000s\000t\000a\000l\000l\000o\000g\000r\000a\000p\000h\000y\000,\000\040\000V\000o\000l\000u\000m\000e\000\040\000A}{subsection.142}% 38
\BOOKMARK [3][-]{section*.148}{\376\377\000T\000h\000e\000\040\000P\0006\0003\000m\000c\000\040\000s\000p\000a\000c\000e\000\040\000g\000r\000o\000u\000p\000\040}{subsection.142}% 39
\BOOKMARK [1][-]{section.152}{\376\377\000W\000u\000r\000t\000z\000i\000t\000e\000\040\000c\000r\000y\000s\000t\000a\000l\000\040\000s\000t\000r\000u\000c\000t\000u\000r\000e}{chapter.18}% 40
\BOOKMARK [1][-]{section.154}{\376\377\000E\000l\000e\000c\000t\000r\000o\000n\000\040\000s\000c\000a\000t\000t\000e\000r\000i\000n\000g}{chapter.18}% 41
\BOOKMARK [2][-]{subsection.155}{\376\377\000E\000l\000a\000s\000t\000i\000c\000\040\000s\000c\000a\000t\000t\000e\000r\000i\000n\000g\000\040}{section.154}% 42
\BOOKMARK [2][-]{subsection.157}{\376\377\000I\000n\000e\000l\000a\000s\000t\000i\000c\000\040\000s\000c\000a\000t\000t\000e\000r\000i\000n\000g\000\040}{section.154}% 43
\BOOKMARK [2][-]{subsection.159}{\376\377\000T\000h\000e\000\040\000r\000e\000s\000t\000\040\000o\000f\000\040\000t\000h\000e\000\040\000s\000t\000o\000r\000y}{section.154}% 44
\BOOKMARK [1][-]{section.160}{\376\377\000T\000h\000e\000\040\000s\000c\000a\000n\000n\000i\000n\000g\000\040\000e\000l\000e\000c\000t\000r\000o\000n\000\040\000m\000i\000c\000r\000o\000s\000c\000o\000p\000e}{chapter.18}% 45
\BOOKMARK [0][-]{chapter.161}{\376\377\000D\000i\000f\000f\000r\000a\000c\000t\000i\000o\000n}{}% 46
\BOOKMARK [1][-]{section.162}{\376\377\000A\000\040\000w\000o\000r\000d\000\040\000o\000n\000\040\000c\000h\000a\000n\000n\000e\000l\000l\000i\000n\000g}{chapter.161}% 47
\BOOKMARK [1][-]{section.166}{\376\377\000I\000n\000t\000r\000o\000d\000u\000c\000t\000i\000o\000n}{chapter.161}% 48
\BOOKMARK [1][-]{section.168}{\376\377\000S\000h\000o\000r\000t\000\040\000h\000i\000s\000t\000o\000r\000i\000c\000a\000l\000\040\000o\000v\000e\000r\000v\000i\000e\000w}{chapter.161}% 49
\BOOKMARK [1][-]{section.170}{\376\377\000K\000i\000n\000e\000m\000a\000t\000i\000c\000a\000l\000\040\000v\000e\000r\000s\000u\000s\000\040\000d\000y\000n\000a\000m\000i\000c\000a\000l\000\040\000t\000h\000e\000o\000r\000y}{chapter.161}% 50
\BOOKMARK [1][-]{section.172}{\376\377\000A\000p\000p\000l\000i\000c\000a\000t\000i\000o\000n\000s\000\040\000a\000n\000d\000\040\000l\000i\000m\000i\000t\000a\000t\000i\000o\000n\000s}{chapter.161}% 51
\BOOKMARK [1][-]{section.173}{\376\377\000D\000i\000f\000f\000r\000a\000c\000t\000i\000o\000n\000\040\000g\000e\000o\000m\000e\000t\000r\000y}{chapter.161}% 52
\BOOKMARK [2][-]{subsection.174}{\376\377\000B\000r\000a\000g\000g\000'\000s\000\040\000l\000a\000w\000\040\000i\000n\000\040\000r\000e\000a\000l\000\040\000s\000p\000a\000c\000e}{section.173}% 53
\BOOKMARK [2][-]{subsection.178}{\376\377\000B\000r\000a\000g\000g\000'\000s\000\040\000l\000a\000w\000\040\000i\000n\000\040\000r\000e\000c\000i\000p\000r\000o\000c\000a\000l\000\040\000s\000p\000a\000c\000e}{section.173}% 54
\BOOKMARK [1][-]{section.179}{\376\377\000D\000i\000f\000f\000r\000a\000c\000t\000i\000o\000n\000\040\000i\000n\000t\000e\000n\000s\000i\000t\000y}{chapter.161}% 55
\BOOKMARK [2][-]{subsection.180}{\376\377\000E\000l\000e\000c\000t\000r\000o\000s\000t\000a\000t\000i\000c\000\040\000l\000a\000t\000t\000i\000c\000e\000\040\000p\000o\000t\000e\000n\000t\000i\000a\000l}{section.179}% 56
\BOOKMARK [3][-]{section*.181}{\376\377\000X\000-\000r\000a\000y\000\040\000s\000c\000a\000t\000t\000e\000r\000i\000n\000g\000\040\000b\000y\000\040\000e\000l\000e\000c\000t\000r\000o\000n\000\040\000c\000h\000a\000r\000g\000e\000\040\000d\000e\000n\000s\000i\000t\000y\000\040\000a\000n\000d\000\040\000t\000h\000e\000\040\000X\000-\000r\000a\000y\000\040\000s\000c\000a\000t\000t\000e\000r\000i\000n\000g\000\040\000f\000a\000c\000t\000o\000r}{subsection.180}% 57
\BOOKMARK [3][-]{section*.187}{\376\377\000E\000l\000e\000c\000t\000r\000o\000n\000\040\000s\000c\000a\000t\000t\000e\000r\000i\000n\000g\000\040\000b\000y\000\040\000i\000n\000d\000i\000v\000i\000d\000u\000a\000l\000\040\000a\000t\000o\000m\000\040\000a\000n\000d\000\040\000t\000h\000e\000\040\000e\000l\000e\000c\000t\000r\000o\000n\000\040\000s\000c\000a\000t\000t\000e\000r\000i\000n\000g\000\040\000f\000a\000c\000t\000o\000r}{subsection.180}% 58
\BOOKMARK [3][-]{section*.194}{\376\377\000S\000c\000a\000t\000t\000e\000r\000i\000n\000g\000\040\000b\000y\000\040\000t\000h\000e\000\040\000u\000n\000i\000t\000\040\000c\000e\000l\000l\000\040\000a\000n\000d\000\040\000t\000h\000e\000\040\000s\000t\000r\000u\000c\000t\000u\000r\000e\000\040\000f\000a\000c\000t\000o\000r}{subsection.180}% 59
\BOOKMARK [3][-]{section*.195}{\376\377\000S\000c\000a\000t\000t\000e\000r\000i\000n\000g\000\040\000b\000y\000\040\000a\000n\000\040\000i\000n\000f\000i\000n\000i\000t\000e\000\040\000c\000r\000y\000s\000t\000a\000l\000\040}{subsection.180}% 60
\BOOKMARK [2][-]{subsection.203}{\376\377\000T\000h\000e\000\040\000s\000t\000r\000u\000c\000t\000u\000r\000e\000\040\000f\000a\000c\000t\000o\000r}{section.179}% 61
\BOOKMARK [3][-]{section*.204}{\376\377\000N\000u\000m\000e\000r\000i\000c\000a\000l\000\040\000c\000o\000m\000p\000u\000t\000a\000t\000i\000o\000n\000\040\000o\000f\000\040\000t\000h\000e\000\040\000F\000o\000u\000r\000i\000e\000r\000\040\000c\000o\000e\000f\000f\000i\000c\000i\000e\000n\000t\000s\000\040\000o\000f\000\040\000t\000h\000e\000\040\000l\000a\000t\000t\000i\000c\000e\000\040\000p\000o\000t\000e\000n\000t\000i\000a\000l}{subsection.203}% 62
\BOOKMARK [3][-]{section*.205}{\376\377\000S\000y\000m\000m\000e\000t\000r\000y}{subsection.203}% 63
\BOOKMARK [3][-]{section*.206}{\376\377\000s\000y\000s\000t\000e\000m\000a\000t\000i\000c\000\040\000a\000b\000s\000e\000n\000c\000e\000s\000\040}{subsection.203}% 64
\BOOKMARK [1][-]{section.207}{\376\377\000G\000e\000n\000e\000r\000a\000l\000\040\000d\000e\000r\000i\000v\000a\000t\000i\000o\000n\000\040\000o\000f\000\040\000t\000h\000e\000\040\000D\000a\000r\000w\000i\000n\000-\000H\000o\000w\000i\000e\000-\000W\000h\000e\000l\000a\000n\000\040\000e\000q\000u\000a\000t\000i\000o\000n\000s}{chapter.161}% 65
\BOOKMARK [1][-]{section.215}{\376\377\000T\000h\000e\000\040\000t\000w\000o\000\040\000b\000e\000a\000m\000\040\000c\000a\000s\000e\000:\000\040\000D\000H\000W\000\040\000f\000o\000r\000m\000a\000l\000i\000s\000m}{chapter.161}% 66
\BOOKMARK [1][-]{section.216}{\376\377\000E\000l\000e\000c\000t\000r\000o\000n\000\040\000c\000h\000a\000n\000n\000e\000l\000l\000i\000n\000g\000\040\000m\000o\000d\000e\000l\000l\000i\000n\000g}{chapter.161}% 67
\BOOKMARK [0][-]{appendix*.228}{\376\377\000B\000i\000b\000l\000i\000o\000g\000r\000a\000p\000h\000y}{}% 68
